<?xml version="1.0" encoding="UTF-8"?>
<testsuite xmlns:xsi="http://www.w3.org/2001/XMLSchema-instance" xsi:noNamespaceSchemaLocation="https://maven.apache.org/surefire/maven-surefire-plugin/xsd/surefire-test-report.xsd" version="3.0.1" name="dev.ms.maven.CalculMetierTest" time="0.102" tests="3" errors="0" skipped="0" failures="0">
  <properties>
    <property name="java.specification.version" value="17"/>
    <property name="sun.cpu.isalist" value="amd64"/>
    <property name="sun.jnu.encoding" value="Cp1252"/>
    <property name="java.class.path" value="E:\dev\micro_services\workspace\premierProjet\target\test-classes;E:\dev\micro_services\workspace\premierProjet\target\classes;E:\dev\outils\maven\depot_local\junit\junit\4.11\junit-4.11.jar;E:\dev\outils\maven\depot_local\org\hamcrest\hamcrest-core\1.3\hamcrest-core-1.3.jar;"/>
    <property name="java.vm.vendor" value="Eclipse Adoptium"/>
    <property name="sun.arch.data.model" value="64"/>
    <property name="user.variant" value=""/>
    <property name="java.vendor.url" value="https://adoptium.net/"/>
    <property name="user.timezone" value="GMT+01:00"/>
    <property name="os.name" value="Windows 8.1"/>
    <property name="java.vm.specification.version" value="17"/>
    <property name="sun.java.launcher" value="SUN_STANDARD"/>
    <property name="user.country" value="FR"/>
    <property name="sun.boot.library.path" value="E:\dev\micro_services\EDI\eclipse\plugins\org.eclipse.justj.openjdk.hotspot.jre.full.win32.x86_64_17.0.1.v20211116-1657\jre\bin"/>
    <property name="sun.java.command" value="C:\Users\Ayman\AppData\Local\Temp\surefire9247984042514668045\surefirebooter-20240909214304015_3.jar C:\Users\Ayman\AppData\Local\Temp\surefire9247984042514668045 2024-09-09T21-43-03_105-jvmRun1 surefire-20240909214304015_1tmp surefire_0-20240909214304015_2tmp"/>
    <property name="jdk.debug" value="release"/>
    <property name="surefire.test.class.path" value="E:\dev\micro_services\workspace\premierProjet\target\test-classes;E:\dev\micro_services\workspace\premierProjet\target\classes;E:\dev\outils\maven\depot_local\junit\junit\4.11\junit-4.11.jar;E:\dev\outils\maven\depot_local\org\hamcrest\hamcrest-core\1.3\hamcrest-core-1.3.jar;"/>
    <property name="sun.cpu.endian" value="little"/>
    <property name="user.home" value="C:\Users\Ayman"/>
    <property name="user.language" value="fr"/>
    <property name="java.specification.vendor" value="Oracle Corporation"/>
    <property name="java.version.date" value="2021-10-19"/>
    <property name="java.home" value="E:\dev\micro_services\EDI\eclipse\plugins\org.eclipse.justj.openjdk.hotspot.jre.full.win32.x86_64_17.0.1.v20211116-1657\jre"/>
    <property name="file.separator" value="\"/>
    <property name="basedir" value="E:\dev\micro_services\workspace\premierProjet"/>
    <property name="java.vm.compressedOopsMode" value="32-bit"/>
    <property name="line.separator" value="&#10;"/>
    <property name="java.vm.specification.vendor" value="Oracle Corporation"/>
    <property name="java.specification.name" value="Java Platform API Specification"/>
    <property name="surefire.real.class.path" value="C:\Users\Ayman\AppData\Local\Temp\surefire9247984042514668045\surefirebooter-20240909214304015_3.jar"/>
    <property name="user.script" value=""/>
    <property name="sun.management.compiler" value="HotSpot 64-Bit Tiered Compilers"/>
    <property name="java.runtime.version" value="17.0.1+12"/>
    <property name="user.name" value="Ayman"/>
    <property name="path.separator" value=";"/>
    <property name="os.version" value="6.3"/>
    <property name="java.runtime.name" value="OpenJDK Runtime Environment"/>
    <property name="file.encoding" value="Cp1252"/>
    <property name="java.vm.name" value="OpenJDK 64-Bit Server VM"/>
    <property name="java.vendor.version" value="Temurin-17.0.1+12"/>
    <property name="localRepository" value="E:\dev\outils\maven\depot_local"/>
    <property name="java.vendor.url.bug" value="https://github.com/adoptium/adoptium-support/issues"/>
    <property name="java.io.tmpdir" value="C:\Users\Ayman\AppData\Local\Temp\"/>
    <property name="java.version" value="17.0.1"/>
    <property name="user.dir" value="E:\dev\micro_services\workspace\premierProjet"/>
    <property name="os.arch" value="amd64"/>
    <property name="java.vm.specification.name" value="Java Virtual Machine Specification"/>
    <property name="sun.os.patch.level" value=""/>
    <property name="native.encoding" value="Cp1252"/>
    <property name="java.library.path" value="E:\dev\micro_services\EDI\eclipse\plugins\org.eclipse.justj.openjdk.hotspot.jre.full.win32.x86_64_17.0.1.v20211116-1657\jre\bin;C:\Windows\Sun\Java\bin;C:\Windows\system32;C:\Windows;E:/dev/micro_services/EDI/eclipse//plugins/org.eclipse.justj.openjdk.hotspot.jre.full.win32.x86_64_17.0.1.v20211116-1657/jre/bin/server;E:/dev/micro_services/EDI/eclipse//plugins/org.eclipse.justj.openjdk.hotspot.jre.full.win32.x86_64_17.0.1.v20211116-1657/jre/bin;C:\Program Files\Common Files\Oracle\Java\javapath;C:\Program Files (x86)\VMware\VMware Player\bin\;C:\Program Files (x86)\NVIDIA Corporation\PhysX\Common;C:\Windows\system32;C:\Windows;C:\Windows\System32\Wbem;C:\Windows\System32\WindowsPowerShell\v1.0\;C:\Program Files\Git\cmd;C:\Program Files\nodejs\;C:\Program Files\PuTTY\;C:\Program Files\Vagrant\bin;C:\Program Files\Java\jdk-17\bin;E:\dev\outils\maven\apache-maven-3.9.9\bin;C:\Users\Ayman\AppData\Local\Programs\Python\Python312\Scripts\;C:\Users\Ayman\AppData\Local\Programs\Python\Python312\;C:\Program Files\MySQL\MySQL Shell 8.0\bin\;C:\Users\Ayman\AppData\Roaming\npm;C:\Users\Ayman\AppData\Local\Programs\Microsoft VS Code\bin;C:\flutter\flutter\bin;;E:\dev\micro_services\EDI\eclipse;;."/>
    <property name="java.vm.info" value="mixed mode"/>
    <property name="java.vendor" value="Eclipse Adoptium"/>
    <property name="java.vm.version" value="17.0.1+12"/>
    <property name="sun.io.unicode.encoding" value="UnicodeLittle"/>
    <property name="java.class.version" value="61.0"/>
  </properties>
  <testcase name="testSomme" classname="dev.ms.maven.CalculMetierTest" time="0.002"/>
  <testcase name="testProduit" classname="dev.ms.maven.CalculMetierTest" time="0.0"/>
  <testcase name="testDivision" classname="dev.ms.maven.CalculMetierTest" time="0.0"/>
</testsuite>